{"level":"ERROR","time":"2024-09-15T16:49:01.340+0800","caller":"mysql/mysql.go:27","msg":"failed to initialize database, got error dial tcp :0: connectex: The requested address is not valid in its context."}
{"level":"ERROR","time":"2024-09-15T16:49:01.353+0800","caller":"utils/log.go:6","msg":"mysql连接失败","module":"db","err":"dial tcp :0: connectex: The requested address is not valid in its context."}
{"level":"ERROR","time":"2024-09-15T16:50:56.621+0800","caller":"mysql/mysql.go:26","msg":"failed to initialize database, got error invalid DSN: missing the slash separating the database name"}
{"level":"ERROR","time":"2024-09-15T16:50:56.631+0800","caller":"utils/log.go:6","msg":"mysql连接失败","module":"db","err":"invalid DSN: missing the slash separating the database name"}
{"level":"INFO","time":"2024-09-15T16:51:23.357+0800","caller":"mysql/mysql.go:32","msg":"mysql连接成功","module":"db"}
{"level":"INFO","time":"2024-09-15T17:31:11.205+0800","caller":"mysql/mysql.go:32","msg":"mysql连接成功","module":"db"}
{"level":"INFO","time":"2024-09-15T17:34:22.093+0800","caller":"mysql/mysql.go:32","msg":"mysql连接成功","module":"db"}
{"level":"INFO","time":"2024-09-15T17:34:49.836+0800","caller":"mysql/mysql.go:32","msg":"mysql连接成功","module":"db"}
{"level":"INFO","time":"2024-09-15T17:35:14.035+0800","caller":"mysql/mysql.go:32","msg":"mysql连接成功","module":"db"}
{"level":"INFO","time":"2024-09-15T17:36:47.491+0800","caller":"mysql/mysql.go:32","msg":"mysql连接成功","module":"db"}
{"level":"INFO","time":"2024-09-15T17:37:18.715+0800","caller":"mysql/mysql.go:32","msg":"mysql连接成功","module":"db"}
{"level":"INFO","time":"2024-09-15T17:38:21.509+0800","caller":"mysql/mysql.go:32","msg":"mysql连接成功","module":"db"}
{"level":"INFO","time":"2024-09-15T17:40:55.445+0800","caller":"mysql/mysql.go:32","msg":"mysql连接成功","module":"db"}
{"level":"INFO","time":"2024-09-15T17:46:51.811+0800","caller":"mysql/mysql.go:32","msg":"mysql连接成功","module":"db"}
{"level":"INFO","time":"2024-09-15T18:11:45.848+0800","caller":"mysql/mysql.go:32","msg":"mysql连接成功","module":"db"}
{"level":"INFO","time":"2024-09-15T18:19:15.476+0800","caller":"mysql/mysql.go:32","msg":"mysql连接成功","module":"db"}
{"level":"INFO","time":"2024-09-15T18:29:38.120+0800","caller":"mysql/mysql.go:32","msg":"mysql连接成功","module":"db"}
{"level":"INFO","time":"2024-09-15T18:30:38.952+0800","caller":"mysql/mysql.go:32","msg":"mysql连接成功","module":"db"}
{"level":"INFO","time":"2024-09-15T18:33:08.761+0800","caller":"mysql/mysql.go:32","msg":"mysql连接成功","module":"db"}
{"level":"INFO","time":"2024-09-15T18:35:17.964+0800","caller":"mysql/mysql.go:32","msg":"mysql连接成功","module":"db"}
{"level":"ERROR","time":"2024-09-15T18:35:35.775+0800","caller":"gorm@v1.25.12/finisher_api.go:24","msg":"trace","error":"Error 1062 (23000): Duplicate entry '33' for key 'uni_users_user_name'","elapsed":0.0015112,"rows":0,"sql":"INSERT INTO `users` (`created_at`,`updated_at`,`user_name`,`password`,`email`) VALUES ('2024-09-15 10:35:35.774','2024-09-15 10:35:35.774','33','33','')"}
{"level":"INFO","time":"2024-09-15T18:38:09.775+0800","caller":"mysql/mysql.go:32","msg":"mysql连接成功","module":"db"}
{"level":"ERROR","time":"2024-09-15T18:38:26.883+0800","caller":"gorm@v1.25.12/finisher_api.go:24","msg":"trace","error":"Error 1062 (23000): Duplicate entry '33' for key 'uni_users_user_name'","elapsed":0.0020451,"rows":0,"sql":"INSERT INTO `users` (`created_at`,`updated_at`,`user_name`,`password`,`email`) VALUES ('2024-09-15 10:38:26.883','2024-09-15 10:38:26.883','33','33','')"}
{"level":"ERROR","time":"2024-09-15T18:38:48.722+0800","caller":"gorm@v1.25.12/finisher_api.go:24","msg":"trace","error":"Error 1062 (23000): Duplicate entry '33' for key 'uni_users_user_name'","elapsed":0.0010407,"rows":0,"sql":"INSERT INTO `users` (`created_at`,`updated_at`,`user_name`,`password`,`email`) VALUES ('2024-09-15 10:38:48.721','2024-09-15 10:38:48.721','33','33','179@qq.com')"}
{"level":"ERROR","time":"2024-09-15T18:39:07.983+0800","caller":"gorm@v1.25.12/finisher_api.go:24","msg":"trace","error":"Error 1062 (23000): Duplicate entry '33' for key 'uni_users_user_name'","elapsed":0.0010435,"rows":0,"sql":"INSERT INTO `users` (`created_at`,`updated_at`,`user_name`,`password`,`email`) VALUES ('2024-09-15 10:39:07.982','2024-09-15 10:39:07.982','33','33','179@qq.com')"}
{"level":"INFO","time":"2024-09-15T18:41:04.320+0800","caller":"mysql/mysql.go:32","msg":"mysql连接成功","module":"db"}
{"level":"ERROR","time":"2024-09-15T18:41:09.823+0800","caller":"gorm@v1.25.12/finisher_api.go:24","msg":"trace","error":"Error 1062 (23000): Duplicate entry '33' for key 'uni_users_user_name'","elapsed":0.0015699,"rows":0,"sql":"INSERT INTO `users` (`created_at`,`updated_at`,`user_name`,`password`,`email`) VALUES ('2024-09-15 10:41:09.822','2024-09-15 10:41:09.822','33','33','179@qq.com')"}
{"level":"INFO","time":"2024-09-15T18:43:57.498+0800","caller":"mysql/mysql.go:32","msg":"mysql连接成功","module":"db"}
{"level":"ERROR","time":"2024-09-15T18:44:01.713+0800","caller":"gorm@v1.25.12/finisher_api.go:24","msg":"trace","error":"Error 1062 (23000): Duplicate entry '33' for key 'uni_users_user_name'","elapsed":0.0010487,"rows":0,"sql":"INSERT INTO `users` (`created_at`,`updated_at`,`user_name`,`password`,`email`) VALUES ('2024-09-15 10:44:01.712','2024-09-15 10:44:01.712','33','33','179@qq.com')"}
{"level":"INFO","time":"2024-09-15T18:53:00.958+0800","caller":"mysql/mysql.go:32","msg":"mysql连接成功","module":"db"}
{"level":"ERROR","time":"2024-09-15T18:53:05.141+0800","caller":"gorm@v1.25.12/finisher_api.go:24","msg":"trace","error":"Error 1062 (23000): Duplicate entry '33' for key 'uni_users_user_name'","elapsed":0.0012237,"rows":0,"sql":"INSERT INTO `users` (`created_at`,`updated_at`,`user_name`,`password`,`email`) VALUES ('2024-09-15 10:53:05.14','2024-09-15 10:53:05.14','33','33','179@qq.com')"}
{"level":"INFO","time":"2024-09-15T19:20:32.974+0800","caller":"mysql/mysql.go:33","msg":"mysql连接成功","module":"db"}
{"level":"ERROR","time":"2024-09-15T19:20:38.404+0800","caller":"gorm@v1.25.12/finisher_api.go:24","msg":"trace","error":"Error 1062 (23000): Duplicate entry '33' for key 'uni_users_user_name'","elapsed":0.0010723,"rows":0,"sql":"INSERT INTO `users` (`created_at`,`updated_at`,`user_name`,`password`,`email`) VALUES ('2024-09-15 11:20:38.403','2024-09-15 11:20:38.403','33','33','179@qq.com')"}
{"level":"INFO","time":"2024-09-15T19:53:06.657+0800","caller":"mysql/mysql.go:33","msg":"mysql连接成功","module":"db"}
{"level":"ERROR","time":"2024-09-15T19:53:09.494+0800","caller":"gorm@v1.25.12/finisher_api.go:24","msg":"trace","error":"Error 1062 (23000): Duplicate entry '33' for key 'uni_users_user_name'","elapsed":0.001254,"rows":0,"sql":"INSERT INTO `users` (`created_at`,`updated_at`,`user_name`,`password`,`email`) VALUES ('2024-09-15 11:53:09.494','2024-09-15 11:53:09.494','33','33','179@qq.com')"}
{"level":"ERROR","time":"2024-09-15T19:53:18.885+0800","caller":"gorm@v1.25.12/finisher_api.go:24","msg":"trace","error":"Error 1062 (23000): Duplicate entry '33' for key 'uni_users_user_name'","elapsed":0.0015047,"rows":0,"sql":"INSERT INTO `users` (`created_at`,`updated_at`,`user_name`,`password`,`email`) VALUES ('2024-09-15 11:53:18.884','2024-09-15 11:53:18.884','33','33','179@qq.com')"}
{"level":"INFO","time":"2024-09-15T19:54:03.350+0800","caller":"mysql/mysql.go:33","msg":"mysql连接成功","module":"db"}
{"level":"ERROR","time":"2024-09-15T19:54:07.395+0800","caller":"gorm@v1.25.12/finisher_api.go:24","msg":"trace","error":"Error 1062 (23000): Duplicate entry '33' for key 'uni_users_user_name'","elapsed":0.0015636,"rows":0,"sql":"INSERT INTO `users` (`created_at`,`updated_at`,`user_name`,`password`,`email`) VALUES ('2024-09-15 11:54:07.394','2024-09-15 11:54:07.394','33','33','179@qq.com')"}
{"level":"INFO","time":"2024-09-15T19:54:55.261+0800","caller":"mysql/mysql.go:33","msg":"mysql连接成功","module":"db"}
{"level":"ERROR","time":"2024-09-15T19:54:56.910+0800","caller":"gorm@v1.25.12/finisher_api.go:24","msg":"trace","error":"Error 1062 (23000): Duplicate entry '33' for key 'uni_users_user_name'","elapsed":0.0011172,"rows":0,"sql":"INSERT INTO `users` (`created_at`,`updated_at`,`user_name`,`password`,`email`) VALUES ('2024-09-15 11:54:56.91','2024-09-15 11:54:56.91','33','33','179@qq.com')"}
{"level":"ERROR","time":"2024-09-15T19:55:30.642+0800","caller":"gorm@v1.25.12/finisher_api.go:24","msg":"trace","error":"Error 1062 (23000): Duplicate entry '33' for key 'uni_users_user_name'","elapsed":0.0011144,"rows":0,"sql":"INSERT INTO `users` (`created_at`,`updated_at`,`user_name`,`password`,`email`) VALUES ('2024-09-15 11:55:30.642','2024-09-15 11:55:30.642','33','33','179@qq.com')"}
{"level":"ERROR","time":"2024-09-15T19:55:34.205+0800","caller":"gorm@v1.25.12/finisher_api.go:24","msg":"trace","error":"Error 1062 (23000): Duplicate entry '179@qq.com' for key 'uni_users_email'","elapsed":0.0011137,"rows":0,"sql":"INSERT INTO `users` (`created_at`,`updated_at`,`user_name`,`password`,`email`) VALUES ('2024-09-15 11:55:34.205','2024-09-15 11:55:34.205','331','33','179@qq.com')"}
{"level":"ERROR","time":"2024-09-15T19:55:39.942+0800","caller":"gorm@v1.25.12/finisher_api.go:24","msg":"trace","error":"Error 1062 (23000): Duplicate entry '179@qq.com' for key 'uni_users_email'","elapsed":0.0010617,"rows":0,"sql":"INSERT INTO `users` (`created_at`,`updated_at`,`user_name`,`password`,`email`) VALUES ('2024-09-15 11:55:39.941','2024-09-15 11:55:39.941','331','331','179@qq.com')"}
{"level":"INFO","time":"2024-09-15T19:56:34.648+0800","caller":"mysql/mysql.go:33","msg":"mysql连接成功","module":"db"}
{"level":"INFO","time":"2024-09-15T20:29:16.051+0800","caller":"mysql/mysql.go:33","msg":"mysql连接成功","module":"db"}
{"level":"INFO","time":"2024-09-15T20:30:02.666+0800","caller":"mysql/mysql.go:33","msg":"mysql连接成功","module":"db"}
{"level":"INFO","time":"2024-09-15T20:30:17.266+0800","caller":"mysql/mysql.go:33","msg":"mysql连接成功","module":"db"}
{"level":"INFO","time":"2024-09-15T20:31:07.880+0800","caller":"mysql/mysql.go:33","msg":"mysql连接成功","module":"db"}
{"level":"ERROR","time":"2024-09-15T20:31:32.291+0800","caller":"gorm@v1.25.12/finisher_api.go:129","msg":"trace","error":"sql: Scan error on column index 1, name \"created_at\": unsupported Scan, storing driver.Value type []uint8 into type *time.Time","elapsed":0.0005996,"rows":1,"sql":"SELECT * FROM `users` WHERE user_name = '331' AND password = '331' ORDER BY `users`.`id` LIMIT 1"}
{"level":"ERROR","time":"2024-09-15T20:32:00.427+0800","caller":"gorm@v1.25.12/finisher_api.go:129","msg":"trace","error":"sql: Scan error on column index 1, name \"created_at\": unsupported Scan, storing driver.Value type []uint8 into type *time.Time","elapsed":0,"rows":1,"sql":"SELECT * FROM `users` WHERE user_name = '331' AND password = '331' ORDER BY `users`.`id` LIMIT 1"}
{"level":"INFO","time":"2024-09-15T20:33:05.456+0800","caller":"mysql/mysql.go:33","msg":"mysql连接成功","module":"db"}
{"level":"ERROR","time":"2024-09-15T20:33:10.624+0800","caller":"gorm@v1.25.12/finisher_api.go:129","msg":"trace","error":"sql: Scan error on column index 1, name \"created_at\": unsupported Scan, storing driver.Value type []uint8 into type *time.Time","elapsed":0.0005042,"rows":1,"sql":"SELECT * FROM `users` WHERE user_name = '331' AND password = '331' ORDER BY `users`.`id` LIMIT 1"}
{"level":"INFO","time":"2024-09-15T20:35:08.736+0800","caller":"mysql/mysql.go:33","msg":"mysql连接成功","module":"db"}
{"level":"ERROR","time":"2024-09-15T20:35:11.282+0800","caller":"gorm@v1.25.12/finisher_api.go:129","msg":"trace","error":"sql: Scan error on column index 1, name \"created_at\": unsupported Scan, storing driver.Value type []uint8 into type *time.Time","elapsed":0.0005425,"rows":1,"sql":"SELECT * FROM `users` WHERE user_name = '331' AND password = '331' ORDER BY `users`.`id` LIMIT 1"}
{"level":"INFO","time":"2024-09-15T20:35:40.763+0800","caller":"mysql/mysql.go:33","msg":"mysql连接成功","module":"db"}
{"level":"ERROR","time":"2024-09-15T20:35:42.473+0800","caller":"gorm@v1.25.12/finisher_api.go:129","msg":"trace","error":"sql: Scan error on column index 1, name \"created_at\": unsupported Scan, storing driver.Value type []uint8 into type *time.Time","elapsed":0.0005048,"rows":1,"sql":"SELECT * FROM `users` WHERE user_name = '331' AND password = '331' ORDER BY `users`.`id` LIMIT 1"}
{"level":"INFO","time":"2024-09-15T20:38:49.026+0800","caller":"mysql/mysql.go:33","msg":"mysql连接成功","module":"db"}
{"level":"INFO","time":"2024-09-15T20:44:05.248+0800","caller":"mysql/mysql.go:35","msg":"mysql连接成功","module":"db"}
{"level":"INFO","time":"2024-09-15T20:50:51.173+0800","caller":"mysql/mysql.go:35","msg":"mysql连接成功","module":"db"}
{"level":"INFO","time":"2024-09-15T20:57:30.260+0800","caller":"mysql/mysql.go:35","msg":"mysql连接成功","module":"db"}
{"level":"INFO","time":"2024-09-15T20:59:50.011+0800","caller":"mysql/mysql.go:35","msg":"mysql连接成功","module":"db"}
{"level":"INFO","time":"2024-09-15T21:00:45.097+0800","caller":"mysql/mysql.go:35","msg":"mysql连接成功","module":"db"}
{"level":"INFO","time":"2024-09-15T21:03:20.650+0800","caller":"mysql/mysql.go:35","msg":"mysql连接成功","module":"db"}
{"level":"INFO","time":"2024-09-15T21:03:34.537+0800","caller":"mysql/mysql.go:35","msg":"mysql连接成功","module":"db"}
{"level":"INFO","time":"2024-09-15T21:26:40.016+0800","caller":"mysql/mysql.go:35","msg":"mysql连接成功","module":"db"}
{"level":"INFO","time":"2024-09-15T21:27:40.245+0800","caller":"mysql/mysql.go:35","msg":"mysql连接成功","module":"db"}
{"level":"INFO","time":"2024-09-15T21:31:19.245+0800","caller":"mysql/mysql.go:35","msg":"mysql连接成功","module":"db"}
{"level":"INFO","time":"2024-09-15T21:49:01.734+0800","caller":"mysql/mysql.go:35","msg":"mysql连接成功","module":"db"}
{"level":"INFO","time":"2024-09-15T21:56:45.830+0800","caller":"mysql/mysql.go:35","msg":"mysql连接成功","module":"db"}
{"level":"INFO","time":"2024-09-15T22:03:17.281+0800","caller":"mysql/mysql.go:35","msg":"mysql连接成功","module":"db"}
{"level":"INFO","time":"2024-09-15T22:10:26.929+0800","caller":"mysql/mysql.go:35","msg":"mysql连接成功","module":"db"}
{"level":"INFO","time":"2024-09-15T22:10:49.027+0800","caller":"mysql/mysql.go:35","msg":"mysql连接成功","module":"db"}
{"level":"INFO","time":"2024-09-15T22:12:57.389+0800","caller":"mysql/mysql.go:35","msg":"mysql连接成功","module":"db"}
{"level":"INFO","time":"2024-09-15T22:13:14.021+0800","caller":"mysql/mysql.go:35","msg":"mysql连接成功","module":"db"}
{"level":"INFO","time":"2024-09-15T22:14:23.250+0800","caller":"mysql/mysql.go:35","msg":"mysql连接成功","module":"db"}
{"level":"INFO","time":"2024-09-15T22:15:41.469+0800","caller":"mysql/mysql.go:35","msg":"mysql连接成功","module":"db"}
{"level":"INFO","time":"2024-09-15T22:17:13.708+0800","caller":"mysql/mysql.go:35","msg":"mysql连接成功","module":"db"}
{"level":"INFO","time":"2024-09-15T22:20:24.664+0800","caller":"mysql/mysql.go:35","msg":"mysql连接成功","module":"db"}
{"level":"INFO","time":"2024-09-15T22:27:10.046+0800","caller":"mysql/mysql.go:35","msg":"mysql连接成功","module":"db"}
{"level":"INFO","time":"2024-09-15T22:44:27.217+0800","caller":"mysql/mysql.go:35","msg":"mysql连接成功","module":"db"}
{"level":"INFO","time":"2024-09-15T22:44:49.042+0800","caller":"mysql/mysql.go:35","msg":"mysql连接成功","module":"db"}
{"level":"INFO","time":"2024-09-15T22:44:58.033+0800","caller":"mysql/mysql.go:35","msg":"mysql连接成功","module":"db"}
{"level":"INFO","time":"2024-09-15T22:46:01.160+0800","caller":"mysql/mysql.go:35","msg":"mysql连接成功","module":"db"}
{"level":"INFO","time":"2024-09-15T22:47:13.909+0800","caller":"mysql/mysql.go:35","msg":"mysql连接成功","module":"db"}
{"level":"INFO","time":"2024-09-15T22:47:36.553+0800","caller":"mysql/mysql.go:35","msg":"mysql连接成功","module":"db"}
{"level":"INFO","time":"2024-09-15T22:47:48.022+0800","caller":"mysql/mysql.go:35","msg":"mysql连接成功","module":"db"}
{"level":"INFO","time":"2024-09-15T22:50:37.833+0800","caller":"mysql/mysql.go:35","msg":"mysql连接成功","module":"db"}
